Recall	Trained model (area: 0.59)	Random classifier (area: 0.13)
0.000000000000000000e+00	1.000000000000000000e+00	0.000000000000000000e+00
5.025125628140703592e-03	1.000000000000000000e+00	1.220387652548456450e-02
1.005025125628140718e-02	1.000000000000000000e+00	2.440775305096912901e-02
1.507537688442210991e-02	1.000000000000000000e+00	3.661162957645369004e-02
2.010050251256281437e-02	1.000000000000000000e+00	4.881550610193825801e-02
2.512562814070351883e-02	1.000000000000000000e+00	6.101938262742282598e-02
3.015075376884421982e-02	1.000000000000000000e+00	5.680449028769578301e-02
3.517587939698492427e-02	1.000000000000000000e+00	6.529724646624937567e-02
4.020100502512562873e-02	1.000000000000000000e+00	7.379000264480295446e-02
4.522613065326633319e-02	1.000000000000000000e+00	8.228275882335654712e-02
5.025125628140703765e-02	1.000000000000000000e+00	9.077551500191013978e-02
5.527638190954774211e-02	1.000000000000000000e+00	9.926827118046371856e-02
6.030150753768843963e-02	1.000000000000000000e+00	9.730470534490634482e-02
6.532663316582915103e-02	1.000000000000000000e+00	1.043311797080641312e-01
7.035175879396984855e-02	1.000000000000000000e+00	1.113576540712219037e-01
7.537688442211055995e-02	1.000000000000000000e+00	1.183841284343796901e-01
8.040201005025125747e-02	1.000000000000000000e+00	1.254106027975374626e-01
8.542713567839195499e-02	1.000000000000000000e+00	1.324370771606952213e-01
9.045226130653266639e-02	1.000000000000000000e+00	8.290385069015061836e-02
9.547738693467336391e-02	1.000000000000000000e+00	8.703546180404153620e-02
1.005025125628140753e-01	1.000000000000000000e+00	9.116707291793248180e-02
1.055276381909547728e-01	1.000000000000000000e+00	9.529868403182341352e-02
1.105527638190954842e-01	1.000000000000000000e+00	9.943029514571434524e-02
1.155778894472361817e-01	1.000000000000000000e+00	1.035619062596052770e-01
1.206030150753768793e-01	1.000000000000000000e+00	1.048189666280118504e-01
1.256281407035175768e-01	1.000000000000000000e+00	1.086522355366576348e-01
1.306532663316583021e-01	1.000000000000000000e+00	1.124855044453034469e-01
1.356783919597989996e-01	1.000000000000000000e+00	1.163187733539492313e-01
1.407035175879396971e-01	1.000000000000000000e+00	1.201520422625950157e-01
1.457286432160803946e-01	1.000000000000000000e+00	1.239853111712408140e-01
1.507537688442211199e-01	1.000000000000000000e+00	1.216213960166279973e-01
1.557788944723618174e-01	1.000000000000000000e+00	1.251217326944801533e-01
1.608040201005025149e-01	1.000000000000000000e+00	1.286220693723323094e-01
1.658291457286432125e-01	1.000000000000000000e+00	1.321224060501844655e-01
1.708542713567839100e-01	1.000000000000000000e+00	1.356227427280366216e-01
1.758793969849246352e-01	1.000000000000000000e+00	1.391230794058888054e-01
1.809045226130653328e-01	1.000000000000000000e+00	1.424830282490677502e-01
1.859296482412060303e-01	1.000000000000000000e+00	1.458242587142902502e-01
1.909547738693467278e-01	1.000000000000000000e+00	1.491654891795127780e-01
1.959798994974874531e-01	1.000000000000000000e+00	1.525067196447353057e-01
2.010050251256281506e-01	1.000000000000000000e+00	1.558479501099578335e-01
2.060301507537688481e-01	7.778894472361809198e-01	1.429432878679109953e-01
2.110552763819095456e-01	7.816862088218872184e-01	1.458722182340272677e-01
2.160804020100502432e-01	7.854829704075935171e-01	1.488011486001435679e-01
2.211055276381909684e-01	7.892797319932999267e-01	1.517300789662598681e-01
2.261306532663316660e-01	7.930764935790062253e-01	1.546590093323761683e-01
2.311557788944723635e-01	7.968732551647125240e-01	1.575879396984924685e-01
2.361809045226130610e-01	7.279579716765646191e-01	1.273954095876206338e-01
2.412060301507537585e-01	7.318410232983096897e-01	1.297260110074180406e-01
2.462311557788944838e-01	7.357240749200548713e-01	1.320566124272154473e-01
2.512562814070351536e-01	7.396071265417999419e-01	1.343872138470128264e-01
2.562814070351758788e-01	7.434901781635450124e-01	1.367178152668102331e-01
2.613065326633166041e-01	7.473732297852900830e-01	1.390484166866076399e-01
2.663316582914572739e-01	7.510630073444143351e-01	1.413558175492848901e-01
2.713567839195979992e-01	7.543486664089679161e-01	1.436147081561654493e-01
2.763819095477387244e-01	7.576343254735214972e-01	1.458735987630460085e-01
2.814070351758793942e-01	7.609199845380749672e-01	1.481324893699265677e-01
2.864321608040201195e-01	7.642056436026285482e-01	1.503913799768071269e-01
2.914572864321607892e-01	7.674913026671821292e-01	1.526502705836876583e-01
2.964824120603015145e-01	7.705560770887404098e-01	1.502596388439122743e-01
3.015075376884422398e-01	7.733723562869292412e-01	1.523971922827482561e-01
3.065326633165829096e-01	7.761886354851178504e-01	1.545347457215842102e-01
3.115577889447236348e-01	7.790049146833066818e-01	1.566722991604201920e-01
3.165829145728643046e-01	7.818211938814954021e-01	1.588098525992561461e-01
3.216080402010050299e-01	7.846374730796841224e-01	1.609474060380921279e-01
3.266331658291457551e-01	7.872218234027279493e-01	1.606874954482557516e-01
3.316582914572864249e-01	7.896625987078248476e-01	1.627391616467430135e-01
3.366834170854271502e-01	7.921033740129217460e-01	1.647908278452302755e-01
3.417085427135678199e-01	7.945441493180186443e-01	1.668424940437175374e-01
3.467336683417085452e-01	7.969849246231156537e-01	1.688941602422047994e-01
3.517587939698492705e-01	7.994256999282125520e-01	1.709458264406920613e-01
3.567839195979899403e-01	8.016331658291457885e-01	1.636217121644257255e-01
3.618090452261306655e-01	8.037688442211055051e-01	1.655303544750781064e-01
3.668341708542713353e-01	8.059045226130653328e-01	1.674389967857304595e-01
3.718592964824120606e-01	8.080402010050251604e-01	1.693476390963828127e-01
3.768844221105527859e-01	8.101758793969849881e-01	1.712562814070351935e-01
3.819095477386934556e-01	8.123115577889447048e-01	1.731649237176875467e-01
3.869346733668341809e-01	8.142181495713863848e-01	1.641106768409951178e-01
3.919597989949749062e-01	8.161025716819391151e-01	1.658772256343445939e-01
3.969849246231155759e-01	8.179869937924918455e-01	1.676437744276940423e-01
4.020100502512563012e-01	8.198714159030445758e-01	1.694103232210434906e-01
4.070351758793969710e-01	8.217558380135974172e-01	1.711768720143929390e-01
4.120603015075376963e-01	7.369743454112668291e-01	1.729408863044520905e-01
4.170854271356784215e-01	7.392224279291192968e-01	1.746643485418662156e-01
4.221105527638190913e-01	7.414705104469716535e-01	1.763878107792803129e-01
4.271356783919598166e-01	7.437185929648241212e-01	1.781112730166944380e-01
4.321608040201004863e-01	7.459666754826764778e-01	1.798347352541085353e-01
4.371859296482412116e-01	7.482147580005289456e-01	1.815581974915226604e-01
4.422110552763819369e-01	5.362774463450256102e-01	1.598856544761883547e-01
4.472361809045226066e-01	5.390127979800479752e-01	1.613971312328720820e-01
4.522613065326633319e-01	5.417481496150704512e-01	1.629086079895558647e-01
4.572864321608040017e-01	5.444835012500928162e-01	1.644200847462395920e-01
4.623115577889447270e-01	5.472188528851151812e-01	1.659315615029233471e-01
4.673366834170854522e-01	5.499542045201376572e-01	1.674430382596071021e-01
4.723618090452261220e-01	5.342410979629329537e-01	1.543321000607432714e-01
4.773869346733668473e-01	5.368130977467985288e-01	1.557089476687466834e-01
4.824120603015075170e-01	5.393850975306639928e-01	1.570857952767500676e-01
4.874371859296482423e-01	5.419570973145295678e-01	1.584626428847534518e-01
4.924623115577889676e-01	5.445290970983951429e-01	1.598394904927568361e-01
4.974874371859296374e-01	5.471010968822607179e-01	1.612163381007602203e-01
5.025125628140703071e-01	5.163697274250037550e-01	1.595438250442242079e-01
5.075376884422110324e-01	5.188061519719810999e-01	1.608744657868783068e-01
5.125628140703517577e-01	5.212425765189584448e-01	1.622051065295323780e-01
5.175879396984924830e-01	5.236790010659357897e-01	1.635357472721864769e-01
5.226130653266332082e-01	5.261154256129130236e-01	1.648663880148405481e-01
5.276381909547738225e-01	5.285518501598903685e-01	1.661970287574946192e-01
5.326633165829145478e-01	5.014939562678255580e-01	1.471025465644508756e-01
5.376884422110552730e-01	5.038027977726470263e-01	1.482787659778040390e-01
5.427135678391959983e-01	5.061116392774683836e-01	1.494549853911572024e-01
5.477386934673367236e-01	5.084204807822898520e-01	1.506312048045103658e-01
5.527638190954774489e-01	5.107293222871112093e-01	1.518074242178635291e-01
5.577889447236180631e-01	5.130381637919325666e-01	1.529836436312166648e-01
5.628140703517587884e-01	4.059392708221960522e-01	1.459169546553028829e-01
5.678391959798995137e-01	4.080598025588937361e-01	1.470235749648078349e-01
5.728643216080402389e-01	4.101803342955914200e-01	1.481301952743128147e-01
5.778894472361809642e-01	4.123008660322891039e-01	1.492368155838177668e-01
5.829145728643215785e-01	4.144213977689867878e-01	1.503434358933227188e-01
5.879396984924623037e-01	4.165419295056844717e-01	1.514500562028276986e-01
5.929648241206030290e-01	4.185810002392916784e-01	1.307728420064293018e-01
5.979899497487437543e-01	4.206149796602057789e-01	1.317319736512474471e-01
6.030150753768844796e-01	4.226489590811198793e-01	1.326911052960655923e-01
6.080402010050250938e-01	4.246829385020339243e-01	1.336502369408837099e-01
6.130653266331658191e-01	4.267169179229480247e-01	1.346093685857018551e-01
6.180904522613065444e-01	4.287437185929647843e-01	1.289144360136760536e-01
6.231155778894472697e-01	4.306963388370423362e-01	1.298220114488347898e-01
6.281407035175879949e-01	4.326489590811198882e-01	1.307295868839935260e-01
6.331658291457286092e-01	4.346015793251973847e-01	1.316371623191522344e-01
6.381909547738693345e-01	4.365541995692749366e-01	1.325447377543109706e-01
6.432160804020100597e-01	4.385068198133524886e-01	1.334523131894697345e-01
6.482412060301507850e-01	4.318121527698826068e-01	1.288586274224378936e-01
6.532663316582915103e-01	4.336804687085503152e-01	1.297241682368048543e-01
6.582914572864321245e-01	4.355487846472179680e-01	1.305897090511717873e-01
6.633165829145728498e-01	4.374171005858856764e-01	1.314552498655387480e-01
6.683417085427135751e-01	4.392854165245533848e-01	1.323207906799057088e-01
6.733668341708543004e-01	4.411537324632210932e-01	1.331863314942726695e-01
6.783919597989950256e-01	4.429950915681454826e-01	1.280925807675578620e-01
6.834170854271356399e-01	4.447929050185615574e-01	1.289159116639057578e-01
6.884422110552763652e-01	4.465907184689776876e-01	1.297392425602536814e-01
6.934673366834170904e-01	4.483885319193937624e-01	1.305625734566016050e-01
6.984924623115578157e-01	4.501863453698098372e-01	1.313859043529495008e-01
7.035175879396985410e-01	4.519841588202259675e-01	1.322092352492974243e-01
7.085427135678391553e-01	4.537467210265161977e-01	1.273997388781837048e-01
7.135678391959798805e-01	4.554779487935835536e-01	1.281847835669575886e-01
7.185929648241206058e-01	4.572091765606509095e-01	1.289698282557314446e-01
7.236180904522613311e-01	4.589404043277182654e-01	1.297548729445053006e-01
7.286432160804020564e-01	4.606716320947856214e-01	1.305399176332791567e-01
7.336683417085426706e-01	4.624028598618529218e-01	1.313249623220530127e-01
7.386934673366833959e-01	4.556712132089016376e-01	1.267700871751274438e-01
7.437185929648241212e-01	4.573353781896495329e-01	1.275202467849118337e-01
7.487437185929648464e-01	4.589995431703974282e-01	1.282704063946961959e-01
7.537688442211055717e-01	4.606637081511453791e-01	1.290205660044805580e-01
7.587939698492462970e-01	4.623278731318932744e-01	1.297707256142649479e-01
7.638190954773869112e-01	4.639920381126411697e-01	1.305208852240493100e-01
7.688442211055276365e-01	3.836124355794316987e-01	1.182062937900951599e-01
7.738693467336683618e-01	3.851418216401701899e-01	1.188853648209249880e-01
7.788944723618090871e-01	3.866712077009086812e-01	1.195644358517548161e-01
7.839195979899498123e-01	3.882005937616471725e-01	1.202435068825846443e-01
7.889447236180904266e-01	3.897299798223856082e-01	1.209225779134144585e-01
7.939698492462311519e-01	3.912593658831240995e-01	1.216016489442442866e-01
7.989949748743718771e-01	3.266331658291457551e-01	1.222748087790790222e-01
8.040201005025126024e-01	3.280054892938588651e-01	1.229477894867623960e-01
8.090452261306533277e-01	3.293778127585719750e-01	1.236207701944457699e-01
8.140703517587939420e-01	3.307501362232850850e-01	1.242937509021291159e-01
8.190954773869346672e-01	3.321224596879981950e-01	1.249667316098124897e-01
8.241206030150753925e-01	3.078435656543587751e-01	1.239713831721470511e-01
8.291457286432161178e-01	3.091292583317927778e-01	1.246307950026535188e-01
8.341708542713568431e-01	3.104149510092267805e-01	1.252902068331600005e-01
8.391959798994974573e-01	3.117006436866607277e-01	1.259496186636664683e-01
8.442211055276381826e-01	3.129863363640947305e-01	1.266090304941729361e-01
8.492462311557789079e-01	3.142720290415287332e-01	1.272684423246794316e-01
8.542713567839196331e-01	1.861319499670490429e-01	1.257115927450358217e-01
8.592964824120603584e-01	1.870178920078097717e-01	1.263555799598080065e-01
8.643216080402009727e-01	1.879038340485704728e-01	1.269995671745801635e-01
8.693467336683416979e-01	1.887897760893312016e-01	1.276435543893523483e-01
8.743718592964824232e-01	1.896757181300919304e-01	1.282875416041245331e-01
8.793969849246231485e-01	1.905616601708526592e-01	1.289315288188967179e-01
8.844221105527638738e-01	1.525854674593291882e-01	1.290173032360363847e-01
8.894472361809044880e-01	1.533169616734650076e-01	1.296534394211621422e-01
8.944723618090452133e-01	1.540484558876008547e-01	1.302895756062879273e-01
8.994974874371859386e-01	1.547799501017367019e-01	1.309257117914136848e-01
9.045226130653266639e-01	1.555114443158725768e-01	1.315618479765394699e-01
9.095477386934673891e-01	1.562429385300084239e-01	1.321979841616652274e-01
9.145728643216080034e-01	1.487125763243192511e-01	1.328310949181258083e-01
9.195979899497487287e-01	1.494054918016832767e-01	1.334618171782717966e-01
9.246231155778894539e-01	1.500984072790473300e-01	1.340925394384177571e-01
9.296482412060301792e-01	1.507913227564113834e-01	1.347232616985637454e-01
9.346733668341709045e-01	1.514842382337754090e-01	1.353539839587097338e-01
9.396984924623115187e-01	1.521771537111394346e-01	1.359847062188556943e-01
9.447236180904522440e-01	1.354594124399966515e-01	1.274002864564367787e-01
9.497487437185929693e-01	1.360803592475728352e-01	1.279898457088756436e-01
9.547738693467336946e-01	1.367013060551489911e-01	1.285794049613145085e-01
9.597989949748744198e-01	1.373222528627251471e-01	1.291689642137533733e-01
9.648241206030150341e-01	1.379431996703013030e-01	1.297585234661922382e-01
9.698492462311557594e-01	1.385641464778774590e-01	1.303480827186311031e-01
9.748743718592964846e-01	1.319763619209053385e-01	1.283976676053338595e-01
9.798994974874372099e-01	1.325652165208512645e-01	1.289729603390933343e-01
9.849246231155779352e-01	1.331540711207971905e-01	1.295482530728528092e-01
9.899497487437186605e-01	1.337429257207430888e-01	1.301235458066123118e-01
9.949748743718592747e-01	1.343317803206889871e-01	1.306988385403717867e-01
1.000000000000000000e+00	1.349206349206349131e-01	1.312741312741312616e-01
