[Annotation correlations (Michael)] Michael/michael <-> Michael/wookie: 0.402554 3.89168e-12
[Annotation correlations (Michael)] Michael/michael <-> Michael/dengxin: 0.475914 5.96992e-17
[Annotation correlations (Michael)] Michael/michael <-> Michael/phineasng: 0.429794 8.64276e-14
[Annotation correlations (Michael)] Michael/wookie <-> Michael/dengxin: 0.653258 7.59742e-35
[Annotation correlations (Michael)] Michael/wookie <-> Michael/phineasng: 0.473385 9.16025e-17
[Annotation correlations (Michael)] Michael/dengxin <-> Michael/phineasng: 0.513702 6.40014e-20
[Annotation correlations (Michael)] Mean R: 0.491434

[Annotation correlations (Wookie)] Wookie/michael <-> Wookie/wookie: 0.399468 1.30288e-11
[Annotation correlations (Wookie)] Wookie/michael <-> Wookie/dengxin: 0.281525 3.09216e-06
[Annotation correlations (Wookie)] Wookie/michael <-> Wookie/phineasng: 0.151476 0.0133925
[Annotation correlations (Wookie)] Wookie/wookie <-> Wookie/dengxin: 0.334710 2.20033e-08
[Annotation correlations (Wookie)] Wookie/wookie <-> Wookie/phineasng: 0.258208 2.00851e-05
[Annotation correlations (Wookie)] Wookie/dengxin <-> Wookie/phineasng: 0.225583 0.000207457
[Annotation correlations (Wookie)] Mean R: 0.275162

Tag format: {Dataset Name}/{Annotator}
            For example my annotations for the Michael dataset is "Michael/Wookie"
Format: [Trained on -> Evaluated on]

[Michael/all -> Wookie/all|eval] 135/266 (50.75%) annotations in agreement
[Michael/all -> Wookie/all|eval] 5/135 (3.70%) incorrect for annotations in agreement
[Michael/all -> Wookie/all|eval] 31/266 (11.65%) incorrect
[Michael/all -> Wookie/all|eval] L1-error: 0.156
[Michael/all -> Wookie/all|eval] L2-error: 0.021

[Wookie/all -> Michael/all|eval] 141/275 (51.27%) annotations in agreement
[Wookie/all -> Michael/all|eval] 42/141 (29.79%) incorrect for annotations in agreement
[Wookie/all -> Michael/all|eval] 90/275 (32.73%) incorrect
[Wookie/all -> Michael/all|eval] L1-error: 0.405
[Wookie/all -> Michael/all|eval] L2-error: 0.036

[Michael/all -> Wookie/michael|eval] 190/266 (71.43%) incorrect
[Michael/all -> Wookie/michael|eval] L1-error: 0.714
[Michael/all -> Wookie/michael|eval] L2-error: 0.052

[Michael/michael -> Wookie/michael|eval] 61/266 (22.93%) incorrect
[Michael/michael -> Wookie/michael|eval] L1-error: 0.229
[Michael/michael -> Wookie/michael|eval] L2-error: 0.029

Incorrect with all annotations vs just own annotation:
> 71.4% vs 22.9%

[Wookie/all -> Michael/michael|eval] 161/275 (58.55%) incorrect
[Wookie/all -> Michael/michael|eval] L1-error: 0.585
[Wookie/all -> Michael/michael|eval] L2-error: 0.046

[Wookie/michael -> Michael/michael|eval] 93/275 (33.82%) incorrect
[Wookie/michael -> Michael/michael|eval] L1-error: 0.338
[Wookie/michael -> Michael/michael|eval] L2-error: 0.035

Incorrect with all annotations vs just own annotation:
> 58.5% vs 33.8%

Average incorrect. All vs own annotations (Wookie):
> 65.0% vs 28.4%

[Michael/all -> Wookie/wookie|eval] 149/266 (56.02%) incorrect
[Michael/all -> Wookie/wookie|eval] L1-error: 0.560
[Michael/all -> Wookie/wookie|eval] L2-error: 0.046

[Michael/wookie -> Wookie/wookie|eval] 125/266 (46.99%) incorrect
[Michael/wookie -> Wookie/wookie|eval] L1-error: 0.470
[Michael/wookie -> Wookie/wookie|eval] L2-error: 0.042

Incorrect with all annotations vs just own annotation:
> 56.0% vs 47.0%

[Wookie/all -> Michael/wookie|eval] 90/275 (32.73%) incorrect
[Wookie/all -> Michael/wookie|eval] L1-error: 0.327
[Wookie/all -> Michael/wookie|eval] L2-error: 0.034

[Wookie/wookie -> Michael/wookie|eval] 105/275 (38.18%) incorrect
[Wookie/wookie -> Michael/wookie|eval] L1-error: 0.382
[Wookie/wookie -> Michael/wookie|eval] L2-error: 0.037

Incorrect with all annotations vs just own annotation:
> 32.7% vs 38.2%

Average incorrect. All vs own annotations (Michael):
> 44.4% vs 42.6%

[Michael/all -> Wookie/dengxin|eval] 183/266 (68.80%) incorrect
[Michael/all -> Wookie/dengxin|eval] L1-error: 0.688
[Michael/all -> Wookie/dengxin|eval] L2-error: 0.051

[Michael/dengxin -> Wookie/dengxin|eval] 66/266 (24.81%) incorrect
[Michael/dengxin -> Wookie/dengxin|eval] L1-error: 0.248
[Michael/dengxin -> Wookie/dengxin|eval] L2-error: 0.031

Incorrect with all annotations vs just own annotation:
> 68.8% vs 24.8%

[Wookie/all -> Michael/dengxin|eval] 130/275 (47.27%) incorrect
[Wookie/all -> Michael/dengxin|eval] L1-error: 0.473
[Wookie/all -> Michael/dengxin|eval] L2-error: 0.041

[Wookie/dengxin -> Michael/dengxin|eval] 62/275 (22.55%) incorrect
[Wookie/dengxin -> Michael/dengxin|eval] L1-error: 0.225
[Wookie/dengxin -> Michael/dengxin|eval] L2-error: 0.029

Incorrect with all annotations vs just own annotation:
> 47.3% vs 22.5%

Average incorrect. All vs own annotations (Dengxin):
> 58.0% vs 23.7%

[Michael/all -> Wookie/phineasng|eval] 198/266 (74.44%) incorrect
[Michael/all -> Wookie/phineasng|eval] L1-error: 0.744
[Michael/all -> Wookie/phineasng|eval] L2-error: 0.053

[Michael/phineasng -> Wookie/phineasng|eval] 47/266 (17.67%) incorrect
[Michael/phineasng -> Wookie/phineasng|eval] L1-error: 0.177
[Michael/phineasng -> Wookie/phineasng|eval] L2-error: 0.026

Incorrect with all annotations vs just own annotation:
> 74.4% vs 17.7%

[Wookie/all -> Michael/phineasng|eval] 176/275 (64.00%) incorrect
[Wookie/all -> Michael/phineasng|eval] L1-error: 0.640
[Wookie/all -> Michael/phineasng|eval] L2-error: 0.048

[Wookie/phineasng -> Michael/phineasng|eval] 73/275 (26.55%) incorrect
[Wookie/phineasng -> Michael/phineasng|eval] L1-error: 0.265
[Wookie/phineasng -> Michael/phineasng|eval] L2-error: 0.031

Incorrect with all annotations vs just own annotation:
> 64.0% vs 26.5%

Average incorrect. All vs own annotations (Anphi):
> 69.2% vs 22.1%

Average incorrect (all vs own):
> 59.2% vs 29.2%
